<?xml version="1.0" encoding="UTF-8"?>
<robot generator="Robot 7.2 (Python 3.13.1 on win32)" generated="2025-01-29T19:43:54.793715" rpa="false" schemaversion="5">
<suite id="s1" name="HomePage" source="D:\workspace\luma-robot\test\HomePage.robot">
<test id="s1-t1" name="Scenario 01: Home Page" line="9">
<kw name="Start Browser" owner="Hooks" type="SETUP">
<kw name="New Browser" owner="Browser">
<msg time="2025-01-29T19:43:55.026902" level="INFO">{"browser": "chromium", "headless": false, "chromiumSandbox": false, "devtools": false, "handleSIGHUP": true, "handleSIGINT": true, "handleSIGTERM": true, "slowMo": 0.0, "timeout": 30000.0, "tracesDir": "D:\\workspace\\luma-robot\\logs\\browser\\traces\\temp\\9b03c897-0d2e-4d1d-9693-8cb95c6a70af"}</msg>
<msg time="2025-01-29T19:43:55.053049" level="INFO">Starting Browser process D:\workspace\luma-robot\venv\Lib\site-packages\Browser\wrapper\index.js using port 60941</msg>
<msg time="2025-01-29T19:43:55.053181" level="INFO">Node startup parameters: ['node', 'D:\\workspace\\luma-robot\\venv\\Lib\\site-packages\\Browser\\wrapper\\index.js', '60941']</msg>
<msg time="2025-01-29T19:43:56.437063" level="INFO">Successfully created browser with options: {"browser":"chromium","headless":false,"chromiumSandbox":false,"devtools":false,"handleSIGHUP":true,"handleSIGINT":true,"handleSIGTERM":true,"slowMo":0,"timeout":30000,"tracesDir":"D:\\workspace\\luma-robot\\logs\\browser\\traces\\temp\\9b03c897-0d2e-4d1d-9693-8cb95c6a70af"}</msg>
<arg>browser=${BROWSER}</arg>
<arg>headless=${IS_HEADLESS}</arg>
<tag>BrowserControl</tag>
<tag>Setter</tag>
<doc>Create a new playwright Browser with specified options.</doc>
<status status="PASS" start="2025-01-29T19:43:55.026045" elapsed="1.411352"/>
</kw>
<kw name="New Page" owner="Browser">
<msg time="2025-01-29T19:43:59.086514" level="INFO">Successfully initialized new page object and opened url: https://magento.softwaretestingboard.com/</msg>
<msg time="2025-01-29T19:43:59.086618" level="INFO">No context was open. New context was automatically opened when this page is created.</msg>
<arg>${BASE_URL}</arg>
<tag>BrowserControl</tag>
<tag>Setter</tag>
<doc>Open a new Page.</doc>
<status status="PASS" start="2025-01-29T19:43:56.437887" elapsed="2.648923"/>
</kw>
<status status="PASS" start="2025-01-29T19:43:55.025026" elapsed="4.061996"/>
</kw>
<kw name="Open Home Page" owner="HomePage">
<kw name="Wait For Elements State" owner="Browser">
<msg time="2025-01-29T19:43:59.129079" level="INFO">Waited for Element with selector css=span &gt;&gt; text=Home Page at state visible</msg>
<arg>css=span &gt;&gt; text=${title}</arg>
<arg>visible</arg>
<arg>timeout=10s</arg>
<tag>PageContent</tag>
<tag>Wait</tag>
<doc>Waits for the element found by ``selector`` to satisfy state option.</doc>
<status status="PASS" start="2025-01-29T19:43:59.087942" elapsed="0.041868"/>
</kw>
<arg>Home Page</arg>
<status status="PASS" start="2025-01-29T19:43:59.087457" elapsed="0.042653"/>
</kw>
<kw name="Inspect Product" owner="HomePage">
<kw name="Set Variable" owner="BuiltIn">
<msg time="2025-01-29T19:43:59.131378" level="INFO">${product_detail} = css=.product-item-details &gt;&gt; text=Radiant Tee</msg>
<var>${product_detail}</var>
<arg>css=.product-item-details &gt;&gt; text=${product}</arg>
<doc>Returns the given values which can then be assigned to a variables.</doc>
<status status="PASS" start="2025-01-29T19:43:59.131079" elapsed="0.000336"/>
</kw>
<kw name="Wait For Elements State" owner="Browser">
<msg time="2025-01-29T19:43:59.140920" level="INFO">Waited for Element with selector css=.product-item-details &gt;&gt; text=Radiant Tee at state visible</msg>
<arg>${product_detail}</arg>
<arg>visible</arg>
<arg>timeout=10s</arg>
<tag>PageContent</tag>
<tag>Wait</tag>
<doc>Waits for the element found by ``selector`` to satisfy state option.</doc>
<status status="PASS" start="2025-01-29T19:43:59.131572" elapsed="0.009525"/>
</kw>
<kw name="Scroll To Element" owner="Browser">
<arg>${product_detail}</arg>
<tag>PageContent</tag>
<tag>Setter</tag>
<doc>This method waits for actionability checks, then tries to scroll element into view,
unless it is completely visible.</doc>
<status status="PASS" start="2025-01-29T19:43:59.141316" elapsed="0.042892"/>
</kw>
<kw name="Click" owner="Browser">
<msg time="2025-01-29T19:43:59.185074" level="INFO">Clicks the element 'css=.product-item-details &gt;&gt; text=Radiant Tee'.</msg>
<arg>${product_detail}</arg>
<tag>PageContent</tag>
<tag>Setter</tag>
<doc>Simulates mouse click on the element found by ``selector``.</doc>
<status status="PASS" start="2025-01-29T19:43:59.184428" elapsed="0.610215"/>
</kw>
<arg>Radiant Tee</arg>
<status status="PASS" start="2025-01-29T19:43:59.130569" elapsed="0.664250"/>
</kw>
<kw name="Sleep" owner="BuiltIn">
<msg time="2025-01-29T19:44:01.796319" level="INFO">Slept 2 seconds.</msg>
<arg>2s</arg>
<doc>Pauses the test executed for the given time.</doc>
<status status="PASS" start="2025-01-29T19:43:59.795168" elapsed="2.001255"/>
</kw>
<kw name="Finish Browser" owner="Hooks" type="TEARDOWN">
<kw name="Take Screenshot" owner="Browser">
<msg time="2025-01-29T19:44:02.166650" level="INFO" html="true">&lt;/td&gt;&lt;/tr&gt;&lt;tr&gt;&lt;td colspan="3"&gt;&lt;a href="browser/screenshot/robotframework-browser-screenshot-1.png" target="_blank"&gt;&lt;img src="browser/screenshot/robotframework-browser-screenshot-1.png" width="800px"/&gt;&lt;/a&gt;</msg>
<arg>fullPage=true</arg>
<tag>PageContent</tag>
<doc>Takes a screenshot of the current window or element and saves it to disk.</doc>
<status status="PASS" start="2025-01-29T19:44:01.797230" elapsed="0.369570"/>
</kw>
<status status="PASS" start="2025-01-29T19:44:01.796909" elapsed="0.369998"/>
</kw>
<msg time="2025-01-29T19:44:02.171579" level="INFO">Set timeout to: 10000</msg>
<msg time="2025-01-29T19:44:02.183819" level="INFO">Switching context to context=bd239103-ff03-4dfb-ac9c-7d3f52800f59 in CURRENT</msg>
<msg time="2025-01-29T19:44:02.191623" level="INFO">Successfully changed active context: context=bd239103-ff03-4dfb-ac9c-7d3f52800f59</msg>
<msg time="2025-01-29T19:44:02.255292" level="INFO">Successfully closed Context</msg>
<tag>HomePage</tag>
<status status="PASS" start="2025-01-29T19:43:55.023924" elapsed="7.143253"/>
</test>
<status status="PASS" start="2025-01-29T19:43:54.795163" elapsed="7.463380"/>
</suite>
<statistics>
<total>
<stat pass="1" fail="0" skip="0">All Tests</stat>
</total>
<tag>
<stat pass="1" fail="0" skip="0">HomePage</stat>
</tag>
<suite>
<stat name="HomePage" id="s1" pass="1" fail="0" skip="0">HomePage</stat>
</suite>
</statistics>
<errors>
</errors>
</robot>
