<?xml version="1.0" encoding="UTF-8"?>
<robot generator="Robot 7.2 (Python 3.13.1 on win32)" generated="2025-01-30T00:33:08.151892" rpa="false" schemaversion="5">
<suite id="s1" name="ProductDetails" source="D:\workspace\luma-robot\test\ProductDetails.robot">
<test id="s1-t1" name="Open Product" line="9">
<kw name="Start Browser" owner="Hooks" type="SETUP">
<kw name="New Browser" owner="Browser">
<msg time="2025-01-30T00:33:08.366355" level="INFO">{"browser": "chromium", "headless": false, "chromiumSandbox": false, "devtools": false, "handleSIGHUP": true, "handleSIGINT": true, "handleSIGTERM": true, "slowMo": 0.0, "timeout": 30000.0, "tracesDir": "D:\\workspace\\luma-robot\\logs\\browser\\traces\\temp\\f28a0ac9-2977-4492-bc49-216592c11f2d"}</msg>
<msg time="2025-01-30T00:33:08.391887" level="INFO">Starting Browser process D:\workspace\luma-robot\venv\Lib\site-packages\Browser\wrapper\index.js using port 52702</msg>
<msg time="2025-01-30T00:33:08.392025" level="INFO">Node startup parameters: ['node', 'D:\\workspace\\luma-robot\\venv\\Lib\\site-packages\\Browser\\wrapper\\index.js', '52702']</msg>
<msg time="2025-01-30T00:33:09.730014" level="INFO">Successfully created browser with options: {"browser":"chromium","headless":false,"chromiumSandbox":false,"devtools":false,"handleSIGHUP":true,"handleSIGINT":true,"handleSIGTERM":true,"slowMo":0,"timeout":30000,"tracesDir":"D:\\workspace\\luma-robot\\logs\\browser\\traces\\temp\\f28a0ac9-2977-4492-bc49-216592c11f2d"}</msg>
<arg>browser=${BROWSER}</arg>
<arg>headless=${IS_HEADLESS}</arg>
<tag>BrowserControl</tag>
<tag>Setter</tag>
<doc>Create a new playwright Browser with specified options.</doc>
<status status="PASS" start="2025-01-30T00:33:08.365588" elapsed="1.364717"/>
</kw>
<kw name="New Page" owner="Browser">
<msg time="2025-01-30T00:33:12.377157" level="INFO">Successfully initialized new page object and opened url: https://magento.softwaretestingboard.com/</msg>
<msg time="2025-01-30T00:33:12.377244" level="INFO">No context was open. New context was automatically opened when this page is created.</msg>
<arg>${BASE_URL}</arg>
<tag>BrowserControl</tag>
<tag>Setter</tag>
<doc>Open a new Page.</doc>
<status status="PASS" start="2025-01-30T00:33:09.730700" elapsed="2.646731"/>
</kw>
<status status="PASS" start="2025-01-30T00:33:08.364885" elapsed="4.012725"/>
</kw>
<kw name="Inspect Product" owner="HomePage">
<kw name="Set Variable" owner="BuiltIn">
<msg time="2025-01-30T00:33:12.379116" level="INFO">${product_detail} = css=.product-item-details &gt;&gt; text=Radiant Tee</msg>
<var>${product_detail}</var>
<arg>css=.product-item-details &gt;&gt; text=${product}</arg>
<doc>Returns the given values which can then be assigned to a variables.</doc>
<status status="PASS" start="2025-01-30T00:33:12.378733" elapsed="0.000438"/>
</kw>
<kw name="Wait For Elements State" owner="Browser">
<msg time="2025-01-30T00:33:12.423524" level="INFO">Waited for Element with selector css=.product-item-details &gt;&gt; text=Radiant Tee at state visible</msg>
<arg>${product_detail}</arg>
<arg>visible</arg>
<arg>timeout=10s</arg>
<tag>PageContent</tag>
<tag>Wait</tag>
<doc>Waits for the element found by ``selector`` to satisfy state option.</doc>
<status status="PASS" start="2025-01-30T00:33:12.379353" elapsed="0.044344"/>
</kw>
<kw name="Scroll To Element" owner="Browser">
<arg>${product_detail}</arg>
<tag>PageContent</tag>
<tag>Setter</tag>
<doc>This method waits for actionability checks, then tries to scroll element into view,
unless it is completely visible.</doc>
<status status="PASS" start="2025-01-30T00:33:12.423924" elapsed="0.047760"/>
</kw>
<kw name="Click" owner="Browser">
<msg time="2025-01-30T00:33:12.472486" level="INFO">Clicks the element 'css=.product-item-details &gt;&gt; text=Radiant Tee'.</msg>
<arg>${product_detail}</arg>
<tag>PageContent</tag>
<tag>Setter</tag>
<doc>Simulates mouse click on the element found by ``selector``.</doc>
<status status="PASS" start="2025-01-30T00:33:12.471912" elapsed="0.599008"/>
</kw>
<arg>Radiant Tee</arg>
<status status="PASS" start="2025-01-30T00:33:12.378156" elapsed="0.692967"/>
</kw>
<kw name="Details of the inspected product" owner="ProductDetails">
<kw name="Wait For Elements State" owner="Browser">
<msg time="2025-01-30T00:33:13.152740" level="INFO">Waited for Element with selector css=span &gt;&gt; text=Radiant Tee at state visible</msg>
<arg>css=span &gt;&gt; text=${product_name}</arg>
<arg>visible</arg>
<arg>timeout=5s</arg>
<tag>PageContent</tag>
<tag>Wait</tag>
<doc>Waits for the element found by ``selector`` to satisfy state option.</doc>
<status status="PASS" start="2025-01-30T00:33:13.072096" elapsed="0.080891"/>
</kw>
<kw name="Wait For Elements State" owner="Browser">
<msg time="2025-01-30T00:33:13.175563" level="INFO">Waited for Element with selector css=span &gt;&gt; text=$22.00 at state visible</msg>
<arg>css=span &gt;&gt; text=${price_value}</arg>
<arg>visible</arg>
<arg>timeout=5s</arg>
<tag>PageContent</tag>
<tag>Wait</tag>
<doc>Waits for the element found by ``selector`` to satisfy state option.</doc>
<status status="PASS" start="2025-01-30T00:33:13.153302" elapsed="0.022449"/>
</kw>
<arg>Radiant Tee</arg>
<arg>$22.00</arg>
<status status="PASS" start="2025-01-30T00:33:13.071600" elapsed="0.104287"/>
</kw>
<kw name="Select Size" owner="ProductDetails">
<kw name="Wait For Elements State" owner="Browser">
<msg time="2025-01-30T00:33:13.370054" level="INFO">Waited for Element with selector css=span &gt;&gt; text=Size at state visible</msg>
<arg>css=span &gt;&gt; text=Size</arg>
<arg>visible</arg>
<arg>timeout=5s</arg>
<tag>PageContent</tag>
<tag>Wait</tag>
<doc>Waits for the element found by ``selector`` to satisfy state option.</doc>
<status status="PASS" start="2025-01-30T00:33:13.176935" elapsed="0.193303"/>
</kw>
<kw name="Click" owner="Browser">
<msg time="2025-01-30T00:33:13.371037" level="INFO">Clicks the element 'css=.swatch-option &gt;&gt; text=M'.</msg>
<arg>css=.swatch-option &gt;&gt; text=M</arg>
<tag>PageContent</tag>
<tag>Setter</tag>
<doc>Simulates mouse click on the element found by ``selector``.</doc>
<status status="PASS" start="2025-01-30T00:33:13.370474" elapsed="0.115080"/>
</kw>
<arg>M</arg>
<status status="PASS" start="2025-01-30T00:33:13.176384" elapsed="0.309415"/>
</kw>
<kw name="Select Color" owner="ProductDetails">
<kw name="Set Variable" owner="BuiltIn">
<msg time="2025-01-30T00:33:13.488547" level="INFO">${color_option} = css=.swatch-option.color[aria-label="Purple"]</msg>
<var>${color_option}</var>
<arg>css=.swatch-option.color[aria-label="${color_select}"]</arg>
<doc>Returns the given values which can then be assigned to a variables.</doc>
<status status="PASS" start="2025-01-30T00:33:13.487808" elapsed="0.000785"/>
</kw>
<kw name="Wait For Elements State" owner="Browser">
<msg time="2025-01-30T00:33:13.509169" level="INFO">Waited for Element with selector css=span &gt;&gt; text=Color at state visible</msg>
<arg>css=span &gt;&gt; text=Color</arg>
<arg>visible</arg>
<arg>timeout=5s</arg>
<tag>PageContent</tag>
<tag>Wait</tag>
<doc>Waits for the element found by ``selector`` to satisfy state option.</doc>
<status status="PASS" start="2025-01-30T00:33:13.488780" elapsed="0.020567"/>
</kw>
<kw name="Wait For Elements State" owner="Browser">
<msg time="2025-01-30T00:33:13.517750" level="INFO">Waited for Element with selector css=.swatch-option.color[aria-label="Purple"] at state visible</msg>
<arg>${color_option}</arg>
<arg>visible</arg>
<arg>timeout=5s</arg>
<tag>PageContent</tag>
<tag>Wait</tag>
<doc>Waits for the element found by ``selector`` to satisfy state option.</doc>
<status status="PASS" start="2025-01-30T00:33:13.509561" elapsed="0.008472"/>
</kw>
<kw name="Click" owner="Browser">
<msg time="2025-01-30T00:33:13.519290" level="INFO">Clicks the element 'css=.swatch-option.color[aria-label="Purple"]'.</msg>
<arg>${color_option}</arg>
<tag>PageContent</tag>
<tag>Setter</tag>
<doc>Simulates mouse click on the element found by ``selector``.</doc>
<status status="PASS" start="2025-01-30T00:33:13.518343" elapsed="0.047308"/>
</kw>
<arg>Purple</arg>
<status status="PASS" start="2025-01-30T00:33:13.487018" elapsed="0.079005"/>
</kw>
<kw name="Click Menu Details" owner="ProductDetails">
<kw name="Click" owner="Browser">
<msg time="2025-01-30T00:33:13.567649" level="INFO">Clicks the element 'css=a &gt;&gt; text=Details'.</msg>
<arg>css=a &gt;&gt; text=Details</arg>
<tag>PageContent</tag>
<tag>Setter</tag>
<doc>Simulates mouse click on the element found by ``selector``.</doc>
<status status="PASS" start="2025-01-30T00:33:13.566974" elapsed="0.046138"/>
</kw>
<kw name="Wait For Elements State" owner="Browser">
<msg time="2025-01-30T00:33:13.670336" level="INFO">Waited for Element with selector css=p &gt;&gt; text=• Salmon soft scoop neck tee. at state visible</msg>
<arg>css=p &gt;&gt; text=${expected_text}</arg>
<tag>PageContent</tag>
<tag>Wait</tag>
<doc>Waits for the element found by ``selector`` to satisfy state option.</doc>
<status status="PASS" start="2025-01-30T00:33:13.613352" elapsed="0.057186"/>
</kw>
<arg>• Salmon soft scoop neck tee.</arg>
<status status="PASS" start="2025-01-30T00:33:13.566482" elapsed="0.104175"/>
</kw>
<kw name="Click Menu More Information" owner="ProductDetails">
<kw name="Click" owner="Browser">
<msg time="2025-01-30T00:33:13.672034" level="INFO">Clicks the element 'css=a &gt;&gt; text=More Information'.</msg>
<arg>css=a &gt;&gt; text=More Information</arg>
<tag>PageContent</tag>
<tag>Setter</tag>
<doc>Simulates mouse click on the element found by ``selector``.</doc>
<status status="PASS" start="2025-01-30T00:33:13.671555" elapsed="0.042624"/>
</kw>
<kw name="Wait For Elements State" owner="Browser">
<msg time="2025-01-30T00:33:13.723067" level="INFO">Waited for Element with selector css=th &gt;&gt; text=Style at state visible</msg>
<arg>css=th &gt;&gt; text=${expected_text_th}</arg>
<tag>PageContent</tag>
<tag>Wait</tag>
<doc>Waits for the element found by ``selector`` to satisfy state option.</doc>
<status status="PASS" start="2025-01-30T00:33:13.714399" elapsed="0.008836"/>
</kw>
<kw name="Wait For Elements State" owner="Browser">
<msg time="2025-01-30T00:33:13.729818" level="INFO">Waited for Element with selector css=td &gt;&gt; text=Tee at state visible</msg>
<arg>css=td &gt;&gt; text=${expected_text_td}</arg>
<tag>PageContent</tag>
<tag>Wait</tag>
<doc>Waits for the element found by ``selector`` to satisfy state option.</doc>
<status status="PASS" start="2025-01-30T00:33:13.723447" elapsed="0.006524"/>
</kw>
<arg>Style</arg>
<arg>Tee</arg>
<status status="PASS" start="2025-01-30T00:33:13.671053" elapsed="0.059044"/>
</kw>
<kw name="Click Menu Reviews" owner="ProductDetails">
<kw name="Click" owner="Browser">
<msg time="2025-01-30T00:33:13.731473" level="INFO">Clicks the element 'css=#tab-label-reviews-title'.</msg>
<arg>css=#tab-label-reviews-title</arg>
<tag>PageContent</tag>
<tag>Setter</tag>
<doc>Simulates mouse click on the element found by ``selector``.</doc>
<status status="PASS" start="2025-01-30T00:33:13.731025" elapsed="0.053757"/>
</kw>
<kw name="Wait For Elements State" owner="Browser">
<msg time="2025-01-30T00:33:14.123104" level="INFO">Waited for Element with selector css=strong &gt;&gt; text=Customer Reviews at state visible</msg>
<arg>css=strong &gt;&gt; text=${expected_text}</arg>
<tag>PageContent</tag>
<tag>Wait</tag>
<doc>Waits for the element found by ``selector`` to satisfy state option.</doc>
<status status="PASS" start="2025-01-30T00:33:13.785146" elapsed="0.338101"/>
</kw>
<arg>Customer Reviews</arg>
<status status="PASS" start="2025-01-30T00:33:13.730614" elapsed="0.392734"/>
</kw>
<kw name="Sleep" owner="BuiltIn">
<msg time="2025-01-30T00:33:19.124358" level="INFO">Slept 5 seconds.</msg>
<arg>5s</arg>
<doc>Pauses the test executed for the given time.</doc>
<status status="PASS" start="2025-01-30T00:33:14.123705" elapsed="5.000773"/>
</kw>
<kw name="Finish Browser" owner="Hooks" type="TEARDOWN">
<kw name="Take Screenshot" owner="Browser">
<msg time="2025-01-30T00:33:19.472697" level="INFO" html="true">&lt;/td&gt;&lt;/tr&gt;&lt;tr&gt;&lt;td colspan="3"&gt;&lt;a href="browser/screenshot/robotframework-browser-screenshot-1.png" target="_blank"&gt;&lt;img src="browser/screenshot/robotframework-browser-screenshot-1.png" width="800px"/&gt;&lt;/a&gt;</msg>
<arg>fullPage=true</arg>
<tag>PageContent</tag>
<doc>Takes a screenshot of the current window or element and saves it to disk.</doc>
<status status="PASS" start="2025-01-30T00:33:19.125639" elapsed="0.347204"/>
</kw>
<status status="PASS" start="2025-01-30T00:33:19.125341" elapsed="0.347603"/>
</kw>
<msg time="2025-01-30T00:33:19.476360" level="INFO">Set timeout to: 10000</msg>
<msg time="2025-01-30T00:33:19.487944" level="INFO">Switching context to context=c16fbb6b-8243-4950-89cf-3e8f8efc136f in CURRENT</msg>
<msg time="2025-01-30T00:33:19.495961" level="INFO">Successfully changed active context: context=c16fbb6b-8243-4950-89cf-3e8f8efc136f</msg>
<msg time="2025-01-30T00:33:19.537430" level="INFO">Successfully closed Context</msg>
<tag>ProductDetailsPage</tag>
<status status="PASS" start="2025-01-30T00:33:08.363944" elapsed="11.109293"/>
</test>
<status status="PASS" start="2025-01-30T00:33:08.153339" elapsed="11.396598"/>
</suite>
<statistics>
<total>
<stat pass="1" fail="0" skip="0">All Tests</stat>
</total>
<tag>
<stat pass="1" fail="0" skip="0">ProductDetailsPage</stat>
</tag>
<suite>
<stat name="ProductDetails" id="s1" pass="1" fail="0" skip="0">ProductDetails</stat>
</suite>
</statistics>
<errors>
</errors>
</robot>
